[    0.000000] Linux version 4.15.0-144-generic (buildd@lgw01-amd64-031) (gcc version 7.5.0 (Ubuntu 7.5.0-3ubuntu1~18.04)) #148-Ubuntu SMP Sat May 8 02:33:43 UTC 2021 (Ubuntu 4.15.0-144.148-generic 4.15.18)
[    0.000000] Command line: BOOT_IMAGE=/boot/vmlinuz-4.15.0-144-generic root=LABEL=cloudimg-rootfs ro console=tty1 console=ttyS0
[    0.000000] KERNEL supported cpus:
[    0.000000]   Intel GenuineIntel
[    0.000000]   AMD AuthenticAMD
[    0.000000]   Centaur CentaurHauls
[    0.000000] x86/fpu: x87 FPU will use FXSAVE
[    0.000000] e820: BIOS-provided physical RAM map:
[    0.000000] BIOS-e820: [mem 0x0000000000000000-0x000000000009fbff] usable
[    0.000000] BIOS-e820: [mem 0x000000000009fc00-0x000000000009ffff] reserved
[    0.000000] BIOS-e820: [mem 0x00000000000f0000-0x00000000000fffff] reserved
[    0.000000] BIOS-e820: [mem 0x0000000000100000-0x000000003ffeffff] usable
[    0.000000] BIOS-e820: [mem 0x000000003fff0000-0x000000003fffffff] ACPI data
[    0.000000] BIOS-e820: [mem 0x00000000fec00000-0x00000000fec00fff] reserved
[    0.000000] BIOS-e820: [mem 0x00000000fee00000-0x00000000fee00fff] reserved
[    0.000000] BIOS-e820: [mem 0x00000000fffc0000-0x00000000ffffffff] reserved
[    0.000000] NX (Execute Disable) protection: active
[    0.000000] SMBIOS 2.5 present.
[    0.000000] DMI: innotek GmbH VirtualBox/VirtualBox, BIOS VirtualBox 12/01/2006
[    0.000000] Hypervisor detected: KVM
[    0.000000] e820: last_pfn = 0x3fff0 max_arch_pfn = 0x400000000
[    0.000000] MTRR: Disabled
[    0.000000] x86/PAT: MTRRs disabled, skipping PAT initialization too.
[    0.000000] CPU MTRRs all blank - virtualized system.
[    0.000000] x86/PAT: Configuration [0-7]: WB  WT  UC- UC  WB  WT  UC- UC  
[    0.000000] found SMP MP-table at [mem 0x0009fff0-0x0009ffff]
[    0.000000] Scanning 1 areas for low memory corruption
[    0.000000] RAMDISK: [mem 0x359d1000-0x36cdffff]
[    0.000000] ACPI: Early table checksum verification disabled
[    0.000000] ACPI: RSDP 0x00000000000E0000 000024 (v02 VBOX  )
[    0.000000] ACPI: XSDT 0x000000003FFF0030 00003C (v01 VBOX   VBOXXSDT 00000001 ASL  00000061)
[    0.000000] ACPI: FACP 0x000000003FFF00F0 0000F4 (v04 VBOX   VBOXFACP 00000001 ASL  00000061)
[    0.000000] ACPI: DSDT 0x000000003FFF0470 002325 (v02 VBOX   VBOXBIOS 00000002 INTL 20100528)
[    0.000000] ACPI: FACS 0x000000003FFF0200 000040
[    0.000000] ACPI: FACS 0x000000003FFF0200 000040
[    0.000000] ACPI: APIC 0x000000003FFF0240 00005C (v02 VBOX   VBOXAPIC 00000001 ASL  00000061)
[    0.000000] ACPI: SSDT 0x000000003FFF02A0 0001CC (v01 VBOX   VBOXCPUT 00000002 INTL 20100528)
[    0.000000] No NUMA configuration found
[    0.000000] Faking a node at [mem 0x0000000000000000-0x000000003ffeffff]
[    0.000000] NODE_DATA(0) allocated [mem 0x3ffc5000-0x3ffeffff]
[    0.000000] kvm-clock: cpu 0, msr 0:3ff44001, primary cpu clock
[    0.000000] kvm-clock: Using msrs 4b564d01 and 4b564d00
[    0.000000] kvm-clock: using sched offset of 16840714837 cycles
[    0.000000] clocksource: kvm-clock: mask: 0xffffffffffffffff max_cycles: 0x1cd42e4dffb, max_idle_ns: 881590591483 ns
[    0.000000] Zone ranges:
[    0.000000]   DMA      [mem 0x0000000000001000-0x0000000000ffffff]
[    0.000000]   DMA32    [mem 0x0000000001000000-0x000000003ffeffff]
[    0.000000]   Normal   empty
[    0.000000]   Device   empty
[    0.000000] Movable zone start for each node
[    0.000000] Early memory node ranges
[    0.000000]   node   0: [mem 0x0000000000001000-0x000000000009efff]
[    0.000000]   node   0: [mem 0x0000000000100000-0x000000003ffeffff]
[    0.000000] Reserved but unavailable: 98 pages
[    0.000000] Initmem setup node 0 [mem 0x0000000000001000-0x000000003ffeffff]
[    0.000000] ACPI: PM-Timer IO Port: 0x4008
[    0.000000] IOAPIC[0]: apic_id 2, version 32, address 0xfec00000, GSI 0-23
[    0.000000] ACPI: INT_SRC_OVR (bus 0 bus_irq 0 global_irq 2 dfl dfl)
[    0.000000] ACPI: INT_SRC_OVR (bus 0 bus_irq 9 global_irq 9 low level)
[    0.000000] Using ACPI (MADT) for SMP configuration information
[    0.000000] smpboot: Allowing 2 CPUs, 0 hotplug CPUs
[    0.000000] PM: Registered nosave memory: [mem 0x00000000-0x00000fff]
[    0.000000] PM: Registered nosave memory: [mem 0x0009f000-0x0009ffff]
[    0.000000] PM: Registered nosave memory: [mem 0x000a0000-0x000effff]
[    0.000000] PM: Registered nosave memory: [mem 0x000f0000-0x000fffff]
[    0.000000] e820: [mem 0x40000000-0xfebfffff] available for PCI devices
[    0.000000] Booting paravirtualized kernel on KVM
[    0.000000] clocksource: refined-jiffies: mask: 0xffffffff max_cycles: 0xffffffff, max_idle_ns: 7645519600211568 ns
[    0.000000] random: get_random_bytes called from start_kernel+0x99/0x500 with crng_init=0
[    0.000000] setup_percpu: NR_CPUS:8192 nr_cpumask_bits:2 nr_cpu_ids:2 nr_node_ids:1
[    0.000000] percpu: Embedded 45 pages/cpu s147456 r8192 d28672 u1048576
[    0.000000] PV qspinlock hash table entries: 256 (order: 0, 4096 bytes)
[    0.000000] Built 1 zonelists, mobility grouping on.  Total pages: 257913
[    0.000000] Policy zone: DMA32
[    0.000000] Kernel command line: BOOT_IMAGE=/boot/vmlinuz-4.15.0-144-generic root=LABEL=cloudimg-rootfs ro console=tty1 console=ttyS0
[    0.000000] Memory: 982720K/1048120K available (12300K kernel code, 2483K rwdata, 4316K rodata, 2448K init, 2724K bss, 65400K reserved, 0K cma-reserved)
[    0.000000] SLUB: HWalign=64, Order=0-3, MinObjects=0, CPUs=2, Nodes=1
[    0.000000] Kernel/User page tables isolation: enabled
[    0.000000] ftrace: allocating 39453 entries in 155 pages
[    0.004000] Hierarchical RCU implementation.
[    0.004000] 	RCU restricting CPUs from NR_CPUS=8192 to nr_cpu_ids=2.
[    0.004000] 	Tasks RCU enabled.
[    0.004000] RCU: Adjusting geometry for rcu_fanout_leaf=16, nr_cpu_ids=2
[    0.004000] NR_IRQS: 524544, nr_irqs: 440, preallocated irqs: 16
[    0.004000] Console: colour VGA+ 80x25
[    0.004000] console [tty1] enabled
[    0.004000] console [ttyS0] enabled
[    0.004000] ACPI: Core revision 20170831
[    0.004000] ACPI: 2 ACPI AML tables successfully acquired and loaded
[    0.004000] APIC: Switch to symmetric I/O mode setup
[    0.004000] ..TIMER: vector=0x30 apic1=0 pin1=2 apic2=-1 pin2=-1
[    0.004008] tsc: Detected 2194.918 MHz processor
[    0.008016] Calibrating delay loop (skipped) preset value.. 4389.83 BogoMIPS (lpj=8779672)
[    0.012009] pid_max: default: 32768 minimum: 301
[    0.016128] Security Framework initialized
[    0.020009] Yama: becoming mindful.
[    0.024187] AppArmor: AppArmor initialized
[    0.044014] Dentry cache hash table entries: 131072 (order: 8, 1048576 bytes)
[    0.054502] Inode-cache hash table entries: 65536 (order: 7, 524288 bytes)
[    0.056158] Mount-cache hash table entries: 2048 (order: 2, 16384 bytes)
[    0.060208] Mountpoint-cache hash table entries: 2048 (order: 2, 16384 bytes)
[    0.072895] Last level iTLB entries: 4KB 64, 2MB 8, 4MB 8
[    0.076009] Last level dTLB entries: 4KB 64, 2MB 0, 4MB 0, 1GB 4
[    0.080014] Spectre V1 : Mitigation: usercopy/swapgs barriers and __user pointer sanitization
[    0.084012] Spectre V2 : Mitigation: Full generic retpoline
[    0.088009] Spectre V2 : Spectre v2 / SpectreRSB mitigation: Filling RSB on context switch
[    0.092014] Speculative Store Bypass: Vulnerable
[    0.096076] MDS: Mitigation: Clear CPU buffers
[    0.100292] Freeing SMP alternatives memory: 36K
[    0.228954] APIC calibration not consistent with PM-Timer: 105ms instead of 100ms
[    0.232000] APIC delta adjusted to PM-Timer: 6433074 (6775563)
[    0.232666] smpboot: CPU0: Intel(R) Core(TM) i5-5200U CPU @ 2.20GHz (family: 0x6, model: 0x3d, stepping: 0x4)
[    0.236798] Performance Events: unsupported p6 CPU model 61 no PMU driver, software events only.
[    0.240202] Hierarchical SRCU implementation.
[    0.245319] NMI watchdog: Perf event create on CPU 0 failed with -2
[    0.248008] NMI watchdog: Perf NMI watchdog permanently disabled
[    0.252870] smp: Bringing up secondary CPUs ...
[    0.261320] x86: Booting SMP configuration:
[    0.264009] .... node  #0, CPUs:      #1
[    0.004000] kvm-clock: cpu 1, msr 0:3ff44041, secondary cpu clock
[    0.282676] TSC synchronization [CPU#0 -> CPU#1]:
[    0.284000] Measured 97185 cycles TSC warp between CPUs, turning off TSC clock.
[    0.284000] tsc: Marking TSC unstable due to check_tsc_sync_source failed
[    0.292422] smp: Brought up 1 node, 2 CPUs
[    0.296011] smpboot: Max logical packages: 1
[    0.300018] smpboot: Total of 2 processors activated (8779.67 BogoMIPS)
[    0.312018] devtmpfs: initialized
[    0.316334] x86/mm: Memory block size: 128MB
[    0.320771] evm: security.selinux
[    0.324008] evm: security.SMACK64
[    0.328007] evm: security.SMACK64EXEC
[    0.332007] evm: security.SMACK64TRANSMUTE
[    0.336008] evm: security.SMACK64MMAP
[    0.340010] evm: security.apparmor
[    0.344012] evm: security.ima
[    0.348006] evm: security.capability
[    0.356477] clocksource: jiffies: mask: 0xffffffff max_cycles: 0xffffffff, max_idle_ns: 7645041785100000 ns
[    0.380186] futex hash table entries: 512 (order: 3, 32768 bytes)
[    0.396013] pinctrl core: initialized pinctrl subsystem
[    0.408821] RTC time: 16:59:51, date: 06/08/21
[    0.421911] NET: Registered protocol family 16
[    0.428368] audit: initializing netlink subsys (disabled)
[    0.440018] audit: type=2000 audit(1623171608.644:1): state=initialized audit_enabled=0 res=1
[    0.444193] cpuidle: using governor ladder
[    0.452023] cpuidle: using governor menu
[    0.460064] ACPI: bus type PCI registered
[    0.468008] acpiphp: ACPI Hot Plug PCI Controller Driver version: 0.5
[    0.481169] PCI: Using configuration type 1 for base access
[    0.500480] HugeTLB registered 2.00 MiB page size, pre-allocated 0 pages
[    0.520263] ACPI: Added _OSI(Module Device)
[    0.528019] ACPI: Added _OSI(Processor Device)
[    0.536011] ACPI: Added _OSI(3.0 _SCP Extensions)
[    0.544010] ACPI: Added _OSI(Processor Aggregator Device)
[    0.552010] ACPI: Added _OSI(Linux-Dell-Video)
[    0.560010] ACPI: Added _OSI(Linux-Lenovo-NV-HDMI-Audio)
[    0.572014] ACPI: Added _OSI(Linux-HPI-Hybrid-Graphics)
[    0.580612] ACPI: Executed 1 blocks of module-level executable AML code
[    0.604000] ACPI: Interpreter enabled
[    0.608029] ACPI: (supports S0 S5)
[    0.616007] ACPI: Using IOAPIC for interrupt routing
[    0.624776] PCI: Using host bridge windows from ACPI; if necessary, use "pci=nocrs" and report a bug
[    0.640733] ACPI: Enabled 2 GPEs in block 00 to 07
[    0.677252] ACPI: PCI Root Bridge [PCI0] (domain 0000 [bus 00-ff])
[    0.688020] acpi PNP0A03:00: _OSC: OS supports [ASPM ClockPM Segments MSI]
[    0.704652] acpi PNP0A03:00: _OSC: not requesting OS control; OS requires [ExtendedConfig ASPM ClockPM MSI]
[    0.724034] acpi PNP0A03:00: fail to add MMCONFIG information, can't access extended PCI configuration space under this bridge.
[    0.744366] PCI host bridge to bus 0000:00
[    0.756017] pci_bus 0000:00: root bus resource [io  0x0000-0x0cf7 window]
[    0.772016] pci_bus 0000:00: root bus resource [io  0x0d00-0xffff window]
[    0.784012] pci_bus 0000:00: root bus resource [mem 0x000a0000-0x000bffff window]
[    0.796013] pci_bus 0000:00: root bus resource [mem 0x40000000-0xfdffffff window]
[    0.812015] pci_bus 0000:00: root bus resource [bus 00-ff]
[    0.840767] pci 0000:00:01.1: legacy IDE quirk: reg 0x10: [io  0x01f0-0x01f7]
[    0.852011] pci 0000:00:01.1: legacy IDE quirk: reg 0x14: [io  0x03f6]
[    0.864020] pci 0000:00:01.1: legacy IDE quirk: reg 0x18: [io  0x0170-0x0177]
[    0.880014] pci 0000:00:01.1: legacy IDE quirk: reg 0x1c: [io  0x0376]
[    1.044731] pci 0000:00:07.0: quirk: [io  0x4000-0x403f] claimed by PIIX4 ACPI
[    1.092308] pci 0000:00:07.0: quirk: [io  0x4100-0x410f] claimed by PIIX4 SMB
[    1.165309] ACPI: PCI Interrupt Link [LNKA] (IRQs 5 9 10 *11)
[    1.200838] ACPI: PCI Interrupt Link [LNKB] (IRQs 5 9 *10 11)
[    1.228425] ACPI: PCI Interrupt Link [LNKC] (IRQs 5 *9 10 11)
[    1.256415] ACPI: PCI Interrupt Link [LNKD] (IRQs 5 9 10 *11)
[    1.288842] SCSI subsystem initialized
[    1.316148] pci 0000:00:02.0: vgaarb: setting as boot VGA device
[    1.320000] pci 0000:00:02.0: vgaarb: VGA device added: decodes=io+mem,owns=io+mem,locks=none
[    1.384013] pci 0000:00:02.0: vgaarb: bridge control possible
[    1.412008] vgaarb: loaded
[    1.428156] ACPI: bus type USB registered
[    1.456055] usbcore: registered new interface driver usbfs
[    1.488103] usbcore: registered new interface driver hub
[    1.516045] usbcore: registered new device driver usb
[    1.548502] EDAC MC: Ver: 3.0.0
[    1.580195] PCI: Using ACPI for IRQ routing
[    1.608470] NetLabel: Initializing
[    1.628010] NetLabel:  domain hash size = 128
[    1.656009] NetLabel:  protocols = UNLABELED CIPSOv4 CALIPSO
[    1.688079] NetLabel:  unlabeled traffic allowed by default
[    1.720083] clocksource: Switched to clocksource kvm-clock
[    1.845119] VFS: Disk quotas dquot_6.6.0
[    1.852547] VFS: Dquot-cache hash table entries: 512 (order 0, 4096 bytes)
[    1.865220] AppArmor: AppArmor Filesystem Enabled
[    1.872864] pnp: PnP ACPI init
[    1.881487] pnp: PnP ACPI: found 3 devices
[    1.901590] clocksource: acpi_pm: mask: 0xffffff max_cycles: 0xffffff, max_idle_ns: 2085701024 ns
[    1.916816] NET: Registered protocol family 2
[    1.925614] TCP established hash table entries: 8192 (order: 4, 65536 bytes)
[    1.939159] TCP bind hash table entries: 8192 (order: 5, 131072 bytes)
[    1.954793] TCP: Hash tables configured (established 8192 bind 8192)
[    1.966422] UDP hash table entries: 512 (order: 2, 16384 bytes)
[    1.979032] UDP-Lite hash table entries: 512 (order: 2, 16384 bytes)
[    1.991328] NET: Registered protocol family 1
[    1.999429] pci 0000:00:00.0: Limiting direct PCI/PCI transfers
[    2.010908] pci 0000:00:01.0: Activating ISA DMA hang workarounds
[    2.024626] pci 0000:00:02.0: Video device with shadowed ROM at [mem 0x000c0000-0x000dffff]
[    2.039658] Unpacking initramfs...
[    3.252109] Freeing initrd memory: 19516K
[    3.261342] clocksource: tsc: mask: 0xffffffffffffffff max_cycles: 0x1fa37202099, max_idle_ns: 440795206796 ns
[    3.279161] platform rtc_cmos: registered platform RTC device (no PNP device found)
[    3.291918] Scanning for low memory corruption every 60 seconds
[    3.305836] Initialise system trusted keyrings
[    3.314051] Key type blacklist registered
[    3.322752] workingset: timestamp_bits=36 max_order=18 bucket_order=0
[    3.341020] zbud: loaded
[    3.349618] squashfs: version 4.0 (2009/01/31) Phillip Lougher
[    3.365335] fuse init (API version 7.26)
[    3.415482] Key type asymmetric registered
[    3.427863] Asymmetric key parser 'x509' registered
[    3.440031] Block layer SCSI generic (bsg) driver version 0.4 loaded (major 246)
[    3.458967] io scheduler noop registered
[    3.468469] io scheduler deadline registered
[    3.477708] io scheduler cfq registered (default)
[    3.490175] ACPI: AC Adapter [AC] (on-line)
[    3.498421] input: Power Button as /devices/LNXSYSTM:00/LNXPWRBN:00/input/input0
[    3.515695] ACPI: Power Button [PWRF]
[    3.523509] input: Sleep Button as /devices/LNXSYSTM:00/LNXSLPBN:00/input/input1
[    3.535380] ACPI: Sleep Button [SLPF]
[    3.543907] Serial: 8250/16550 driver, 32 ports, IRQ sharing enabled
[    3.546215] ACPI: Battery Slot [BAT0] (battery present)
[    3.602119] 00:02: ttyS0 at I/O 0x3f8 (irq = 4, base_baud = 115200) is a 16550A
[    3.618066] Linux agpgart interface v0.103
[    3.634018] loop: module loaded
[    3.644991] scsi host0: ata_piix
[    3.652415] scsi host1: ata_piix
[    3.658712] ata1: PATA max UDMA/33 cmd 0x1f0 ctl 0x3f6 bmdma 0xd000 irq 14
[    3.670513] ata2: PATA max UDMA/33 cmd 0x170 ctl 0x376 bmdma 0xd008 irq 15
[    3.681901] libphy: Fixed MDIO Bus: probed
[    3.689861] tun: Universal TUN/TAP device driver, 1.6
[    3.699858] PPP generic driver version 2.4.2
[    3.708403] ehci_hcd: USB 2.0 'Enhanced' Host Controller (EHCI) Driver
[    3.720516] ehci-pci: EHCI PCI platform driver
[    3.728723] ehci-platform: EHCI generic platform driver
[    3.738530] ohci_hcd: USB 1.1 'Open' Host Controller (OHCI) Driver
[    3.748597] ohci-pci: OHCI PCI platform driver
[    3.756963] ohci-platform: OHCI generic platform driver
[    3.766665] uhci_hcd: USB Universal Host Controller Interface driver
[    3.777667] i8042: PNP: PS/2 Controller [PNP0303:PS2K,PNP0f03:PS2M] at 0x60,0x64 irq 1,12
[    3.797717] serio: i8042 KBD port at 0x60,0x64 irq 1
[    3.806236] serio: i8042 AUX port at 0x60,0x64 irq 12
[    3.815696] mousedev: PS/2 mouse device common for all mice
[    3.830388] input: AT Translated Set 2 keyboard as /devices/platform/i8042/serio0/input/input2
[    3.832522] rtc_cmos rtc_cmos: rtc core: registered rtc_cmos as rtc0
[    3.861717] rtc_cmos rtc_cmos: alarms up to one day, 114 bytes nvram
[    3.874861] i2c /dev entries driver
[    3.881567] device-mapper: uevent: version 1.0.3
[    3.904722] device-mapper: ioctl: 4.37.0-ioctl (2017-09-20) initialised: dm-devel@redhat.com
[    3.951083] ledtrig-cpu: registered to indicate activity on CPUs
[    3.967588] NET: Registered protocol family 10
[    3.997348] Segment Routing with IPv6
[    4.005966] NET: Registered protocol family 17
[    4.017723] Key type dns_resolver registered
[    4.031022] mce: Using 0 MCE banks
[    4.042037] RAS: Correctable Errors collector initialized.
[    4.054958] sched_clock: Marking stable (4054873494, 0)->(5586571789, -1531698295)
[    4.077557] registered taskstats version 1
[    4.084600] Loading compiled-in X.509 certificates
[    4.100764] Loaded X.509 cert 'Build time autogenerated kernel key: 1e5516648b223d94d04ce7d99e6048c9b3ebcb77'
[    4.116870] Loaded X.509 cert 'Canonical Ltd. Live Patch Signing: 14df34d1a87cf37625abec039ef2bf521249b969'
[    4.134085] Loaded X.509 cert 'Canonical Ltd. Kernel Module Signing: 88f752e560a1e0737e31163a466ad7b70a850c19'
[    4.151253] zswap: loaded using pool lzo/zbud
[    4.181027] Key type big_key registered
[    4.189510] Key type trusted registered
[    4.203771] Key type encrypted registered
[    4.211058] AppArmor: AppArmor sha1 policy hashing enabled
[    4.221322] ima: No TPM chip found, activating TPM-bypass! (rc=-19)
[    4.233963] ima: Allocated hash algorithm: sha1
[    4.249333] evm: HMAC attrs: 0x1
[    4.257417]   Magic number: 9:739:994
[    4.266321] rtc_cmos rtc_cmos: setting system clock to 2021-06-08 16:59:55 UTC (1623171595)
[    4.282267] BIOS EDD facility v0.16 2004-Jun-25, 0 devices found
[    4.292853] EDD information not available.
[    4.305969] Freeing unused kernel image memory: 2448K
[    4.329186] Write protecting the kernel read-only data: 20480k
[    4.341079] Freeing unused kernel image memory: 2008K
[    4.354368] Freeing unused kernel image memory: 1828K
[    4.375693] x86/mm: Checked W+X mappings: passed, no W+X pages found.
[    4.389144] x86/mm: Checking user space page tables
[    4.406462] x86/mm: Checked W+X mappings: passed, no W+X pages found.
Loading, please wait...
starting version 237
[    4.725862] e1000: Intel(R) PRO/1000 Network Driver - version 7.3.21-k8-NAPI
[    4.742405] e1000: Copyright (c) 1999-2006 Intel Corporation.
[    4.779357] Fusion MPT base driver 3.04.20
[    4.787587] Copyright (c) 1999-2008 LSI Corporation
[    4.914376] Fusion MPT SPI Host driver 3.04.20
[    5.596860] input: ImExPS/2 Generic Explorer Mouse as /devices/platform/i8042/serio1/input/input4
[    5.886141] e1000 0000:00:03.0 eth0: (PCI:33MHz:32-bit) 02:08:1c:2f:d1:e8
[    5.899837] e1000 0000:00:03.0 eth0: Intel(R) PRO/1000 Network Connection
[    5.919255] e1000 0000:00:03.0 enp0s3: renamed from eth0
[    5.919418] mptbase: ioc0: Initiating bringup
[    6.614049] ioc0: LSI53C1030 A0: Capabilities={Initiator}
[    7.972006] scsi host2: ioc0: LSI53C1030 A0, FwRev=00000000h, Ports=1, MaxQ=256, IRQ=20
[    8.194443] scsi 2:0:0:0: Direct-Access     VBOX     HARDDISK         1.0  PQ: 0 ANSI: 5
[    8.241086] scsi target2:0:0: Beginning Domain Validation
[    8.280852] scsi target2:0:0: Domain Validation skipping write tests
[    8.280812] random: fast init done
[    8.293320] scsi target2:0:0: Ending Domain Validation
[    8.309111] scsi target2:0:0: asynchronous
[    8.321741] scsi 2:0:1:0: Direct-Access     VBOX     HARDDISK         1.0  PQ: 0 ANSI: 5
[    8.368778] scsi target2:0:1: Beginning Domain Validation
[    8.391787] scsi target2:0:1: Domain Validation skipping write tests
[    8.403495] scsi target2:0:1: Ending Domain Validation
[    8.412574] scsi target2:0:1: asynchronous
[    8.446252] sd 2:0:0:0: Attached scsi generic sg0 type 0
[    8.447887] sd 2:0:0:0: [sda] 83886080 512-byte logical blocks: (42.9 GB/40.0 GiB)
[    8.473487] random: systemd-udevd: uninitialized urandom read (16 bytes read)
[    8.486331] random: systemd-udevd: uninitialized urandom read (16 bytes read)
[    8.486842] sd 2:0:1:0: Attached scsi generic sg1 type 0
[    8.501669] sd 2:0:0:0: [sda] Write Protect is off
[    8.519500] random: systemd-udevd: uninitialized urandom read (16 bytes read)
[    8.531868] sd 2:0:1:0: [sdb] 20480 512-byte logical blocks: (10.5 MB/10.0 MiB)
[    8.533906] sd 2:0:0:0: [sda] Incomplete mode parameter data
[    8.554135] sd 2:0:0:0: [sda] Assuming drive cache: write through
[    8.554379] sd 2:0:1:0: [sdb] Write Protect is off
[    8.577343] sd 2:0:1:0: [sdb] Incomplete mode parameter data
[    8.585946] sd 2:0:1:0: [sdb] Assuming drive cache: write through
[    8.593821]  sda: sda1
[    8.609253] sd 2:0:0:0: [sda] Attached SCSI disk
[    8.649952] sd 2:0:1:0: [sdb] Attached SCSI disk
Begin: Loading essential drivers ... [   12.193271] raid6: sse2x1   gen()  5970 MB/s
[   12.244904] raid6: sse2x1   xor()  4506 MB/s
[   12.300259] raid6: sse2x2   gen()  7063 MB/s
[   12.353112] raid6: sse2x2   xor()  5401 MB/s
[   12.404682] raid6: sse2x4   gen()  8982 MB/s
[   12.457004] raid6: sse2x4   xor()  4802 MB/s
[   12.467844] raid6: using algorithm sse2x4 gen() 8982 MB/s
[   12.477593] raid6: .... xor() 4802 MB/s, rmw enabled
[   12.485394] raid6: using ssse3x2 recovery algorithm
[   12.497532] xor: measuring software checksum speed
[   12.544658]    prefetch64-sse: 13808.000 MB/sec
[   12.593279]    generic_sse: 14815.000 MB/sec
[   12.601497] xor: using function: generic_sse (14815.000 MB/sec)
[   12.615551] async_tx: api initialized (async)
done.
Begin: Running /scripts/init-premount ... done.
Begin: Mounting root file system ... Begin: Running /scripts/local-top ... done.
Begin: Running /scripts/local-premount ... [   12.755388] Btrfs loaded, crc32c=crc32c-intel
Scanning for Btrfs filesystems
done.
Warning: fsck not present, so skipping root file system
[   13.721121] EXT4-fs (sda1): mounted filesystem with ordered data mode. Opts: (null)
done.
Begin: Running /scripts/local-bottom ... done.
Begin: Running /scripts/init-bottom ... done.
[   14.380527] random: crng init done
[   14.386648] random: 7 urandom warning(s) missed due to ratelimiting
[   17.471611] ip_tables: (C) 2000-2006 Netfilter Core Team
[   17.752587] systemd[1]: systemd 237 running in system mode. (+PAM +AUDIT +SELINUX +IMA +APPARMOR +SMACK +SYSVINIT +UTMP +LIBCRYPTSETUP +GCRYPT +GNUTLS +ACL +XZ +LZ4 +SECCOMP +BLKID +ELFUTILS +KMOD -IDN2 +IDN -PCRE2 default-hierarchy=hybrid)
[   17.789107] systemd[1]: Detected virtualization oracle.
[   17.797994] systemd[1]: Detected architecture x86-64.

Welcome to [1mUbuntu 18.04.5 LTS[0m!

[   17.923824] systemd[1]: Set hostname to <ubuntu>.
[   18.021786] systemd[1]: Initializing machine ID from random generator.
[   18.033591] systemd[1]: Installed transient /etc/machine-id file.
[   25.365592] systemd[1]: Reached target System Time Synchronized.
[[0;32m  OK  [0m] Reached target System Time Synchronized.
[   25.447731] systemd[1]: Set up automount Arbitrary Executable File Formats File System Automount Point.
[[0;32m  OK  [0m] Set up automount Arbitrary Executab…rmats File System Automount Point.
[   25.529629] systemd[1]: Started Forward Password Requests to Wall Directory Watch.
[[0;32m  OK  [0m] Started Forward Password Requests to Wall Directory Watch.
[   25.562538] systemd[1]: Reached target Swap.
[[0;32m  OK  [0m] Reached target Swap.
[   25.597078] systemd[1]: Created slice System Slice.
[[0;32m  OK  [0m] Created slice System Slice.
[   25.612206] systemd[1]: Listening on Network Service Netlink Socket.
[[0;32m  OK  [0m] Listening on Network Service Netlink Socket.
[   25.631542] systemd[1]: Created slice system-serial\x2dgetty.slice.
[[0;32m  OK  [0m] Created slice system-serial\x2dgetty.slice.
[   25.650111] systemd[1]: Listening on fsck to fsckd communication Socket.
[[0;32m  OK  [0m] Listening on fsck to fsckd communication Socket.
[   25.669590] systemd[1]: Listening on LVM2 metadata daemon socket.
[[0;32m  OK  [0m] Listening on LVM2 metadata daemon socket.
[   25.687675] systemd[1]: Listening on Journal Audit Socket.
[[0;32m  OK  [0m] Listening on Journal Audit Socket.
[[0;32m  OK  [0m] Listening on udev Kernel Socket.
[[0;32m  OK  [0m] Listening on Journal Socket.
         Starting Load Kernel Modules...
         Mounting Huge Pages File System...
         Mounting Kernel Debug File System...
         Starting Set the console keyboard layout...
         Starting Create list of required st…ce nodes for the current kernel...
         Starting Uncomplicated firewall...
[[0;32m  OK  [0m] Listening on /dev/initctl Compatibility Named Pipe.
         Mounting POSIX Message Queue File System...
[[0;32m  OK  [0m] Listening on LVM2 poll daemon socket.
         Starting File System Check on Root Device...
[[0;32m  OK  [0m] Listening on Journal Socket (/dev/log).
[[0;32m  OK  [0m] Listening on Device-mapper event daemon FIFOs.
         Starting Monitoring of LVM2 mirrors…ng dmeventd or progress polling...
[[0;32m  OK  [0m] Listening on Syslog Socket.
         Starting Journal Service...
[[0;32m  OK  [0m] Listening on udev Control Socket.
         Starting udev Coldplug all Devices...
[[0;32m  OK  [0m] Reached target User and Group Name Lookups.
[[0;32m  OK  [0m] Created slice User and Session Slice.
[[0;32m  OK  [0m] Reached target Slices.
[[0;32m  OK  [0m] Mounted Huge Pages File System.
[[0;32m  OK  [0m] Mounted Kernel Debug File System.
[[0;32m  OK  [0m] Started Create list of required sta…vice nodes for the current kernel.
[[0;32m  OK  [0m] Mounted POSIX Message Queue File System.
         Starting Create Static Device Nodes in /dev...
[[0;32m  OK  [0m] Started File System Check Daemon to report status.
[[0;32m  OK  [0m] Started Uncomplicated firewall.
[   27.389065] Loading iSCSI transport class v2.0-870.
[[0;32m  OK  [0m] Started Journal Service.
[[0;32m  OK  [0m] Started Set the console keyboard layout.
[[0;32m  OK  [0m] Started udev Coldplug all Devices.
[   28.844434] iscsi: registered transport (tcp)
[[0;32m  OK  [0m] Started File System Check on Root Device.
         Starting Remount Root and Kernel File Systems...
[   30.027252] EXT4-fs (sda1): re-mounted. Opts: (null)
[[0;32m  OK  [0m] Started Remount Root and Kernel File Systems.
         Starting Load/Save Random Seed...
         Starting Flush Journal to Persistent Storage...
[[0;32m  OK  [0m] Started Load/Save Random Seed.
[[0;32m  OK  [0m] Started LVM2 metadata daemon.
[   30.715336] systemd-journald[400]: Received request to flush runtime journal from PID 1
[[0;32m  OK  [0m] Started Create Static Device Nodes in /dev.
[   31.410004] iscsi: registered transport (iser)
         Starting udev Kernel Device Manager...
[[0;32m  OK  [0m] Started Load Kernel Modules.
         Mounting Kernel Configuration File System...
         Mounting FUSE Control File System...
         Starting Apply Kernel Variables...
[[0;32m  OK  [0m] Mounted Kernel Configuration File System.
[[0;32m  OK  [0m] Mounted FUSE Control File System.
[[0;32m  OK  [0m] Started Monitoring of LVM2 mirrors,…sing dmeventd or progress polling.
[[0;32m  OK  [0m] Reached target Local File Systems (Pre).
[[0;32m  OK  [0m] Reached target Local File Systems.
         Starting AppArmor initialization...
         Starting Set console font and keymap...
         Starting Tell Plymouth To Write Out Runtime Data...
         Starting Commit a transient machine-id on disk...
         Starting ebtables ruleset management...
[[0;32m  OK  [0m] Started Flush Journal to Persistent Storage.
         Starting Create Volatile Files and Directories...
[[0;32m  OK  [0m] Started Set console font and keymap.
[[0;32m  OK  [0m] Started Tell Plymouth To Write Out Runtime Data.
[[0;32m  OK  [0m] Started Apply Kernel Variables.
[[0;32m  OK  [0m] Started Commit a transient machine-id on disk.
[[0;32m  OK  [0m] Started Create Volatile Files and Directories.
         Starting Update UTMP about System Boot/Shutdown...
[[0;32m  OK  [0m] Started Update UTMP about System Boot/Shutdown.
[[0;32m  OK  [0m] Started udev Kernel Device Manager.
[[0;32m  OK  [0m] Started Dispatch Password Requests to Console Directory Watch.
[[0;32m  OK  [0m] Reached target Local Encrypted Volumes.
[[0;32m  OK  [0m] Started ebtables ruleset management.
[[0;32m  OK  [0m] Found device /dev/ttyS0.
[[0;32m  OK  [0m] Listening on Load/Save RF Kill Switch Status /dev/rfkill Watch.
[[0;32m  OK  [0m] Started AppArmor initialization.
         Starting Load AppArmor profiles managed internally by snapd...
         Starting Initial cloud-init job (pre-networking)...
[[0;32m  OK  [0m] Started Load AppArmor profiles managed internally by snapd.
[   63.082654] cloud-init[519]: Cloud-init v. 21.1-19-gbad84ad4-0ubuntu1~18.04.2 running 'init-local' at Tue, 08 Jun 2021 17:00:52 +0000. Up 60.87 seconds.
[[0;32m  OK  [0m] Started Initial cloud-init job (pre-networking).
[[0;32m  OK  [0m] Reached target Network (Pre).
         Starting Network Service...
[[0;32m  OK  [0m] Started Network Service.
         Starting Network Name Resolution...
         Starting Wait for Network to be Configured...
[[0;32m  OK  [0m] Started Network Name Resolution.
[[0;32m  OK  [0m] Reached target Network.
[[0;32m  OK  [0m] Reached target Host and Network Name Lookups.
[[0;32m  OK  [0m] Started Wait for Network to be Configured.
         Starting Initial cloud-init job (metadata service crawler)...
[   67.653973] cloud-init[655]: Cloud-init v. 21.1-19-gbad84ad4-0ubuntu1~18.04.2 running 'init' at Tue, 08 Jun 2021 17:00:58 +0000. Up 67.14 seconds.
[   67.665317] cloud-init[655]: ci-info: +++++++++++++++++++++++++++++++++++++Net device info++++++++++++++++++++++++++++++++++++++
[   67.675486] cloud-init[655]: ci-info: +--------+------+---------------------------+---------------+--------+-------------------+
[   67.684990] cloud-init[655]: ci-info: | Device |  Up  |          Address          |      Mask     | Scope  |     Hw-Address    |
[   67.694288] cloud-init[655]: ci-info: +--------+------+---------------------------+---------------+--------+-------------------+
[   67.704715] cloud-init[655]: ci-info: | enp0s3 | True |         10.0.2.15         | 255.255.255.0 | global | 02:08:1c:2f:d1:e8 |
[   67.717632] cloud-init[655]: ci-info: | enp0s3 | True | fe80::8:1cff:fe2f:d1e8/64 |       .       |  link  | 02:08:1c:2f:d1:e8 |
[   67.729922] cloud-init[655]: ci-info: |   lo   | True |         127.0.0.1         |   255.0.0.0   |  host  |         .         |
[   67.743012] cloud-init[655]: ci-info: |   lo   | True |          ::1/128          |       .       |  host  |         .         |
[   67.758785] cloud-init[655]: ci-info: +--------+------+---------------------------+---------------+--------+-------------------+
[   67.774329] cloud-init[655]: ci-info: ++++++++++++++++++++++++++++Route IPv4 info+++++++++++++++++++++++++++++
[   67.787189] cloud-init[655]: ci-info: +-------+-------------+----------+-----------------+-----------+-------+
[   67.800352] cloud-init[655]: ci-info: | Route | Destination | Gateway  |     Genmask     | Interface | Flags |
[   67.816763] cloud-init[655]: ci-info: +-------+-------------+----------+-----------------+-----------+-------+
[   67.831410] cloud-init[655]: ci-info: |   0   |   0.0.0.0   | 10.0.2.2 |     0.0.0.0     |   enp0s3  |   UG  |
[   67.858328] cloud-init[655]: ci-info: |   1   |   10.0.2.0  | 0.0.0.0  |  255.255.255.0  |   enp0s3  |   U   |
[   67.867780] cloud-init[655]: ci-info: |   2   |   10.0.2.2  | 0.0.0.0  | 255.255.255.255 |   enp0s3  |   UH  |
[   67.877315] cloud-init[655]: ci-info: +-------+-------------+----------+-----------------+-----------+-------+
[   67.885782] cloud-init[655]: ci-info: +++++++++++++++++++Route IPv6 info+++++++++++++++++++
[   67.892243] cloud-init[655]: ci-info: +-------+-------------+---------+-----------+-------+
[   67.906702] cloud-init[655]: ci-info: | Route | Destination | Gateway | Interface | Flags |
[   67.926025] cloud-init[655]: ci-info: +-------+-------------+---------+-----------+-------+
[   67.939965] cloud-init[655]: ci-info: |   1   |  fe80::/64  |    ::   |   enp0s3  |   U   |
[   67.954372] cloud-init[655]: ci-info: |   3   |    local    |    ::   |   enp0s3  |   U   |
[   67.969362] cloud-init[655]: ci-info: |   4   |   ff00::/8  |    ::   |   enp0s3  |   U   |
[   67.986816] cloud-init[655]: ci-info: +-------+-------------+---------+-----------+-------+
[   77.385686] cloud-init[655]: Generating public/private rsa key pair.
[   77.391300] cloud-init[655]: Your identification has been saved in /etc/ssh/ssh_host_rsa_key.
[   77.401938] cloud-init[655]: Your public key has been saved in /etc/ssh/ssh_host_rsa_key.pub.
[   77.409244] cloud-init[655]: The key fingerprint is:
[   77.414581] cloud-init[655]: SHA256:MhwPzQphgMXsk77EPsSeCaNvp2TV3TXceG66c6yWX00 root@ubuntu-bionic
[   77.421960] cloud-init[655]: The key's randomart image is:
[   77.428015] cloud-init[655]: +---[RSA 2048]----+
[   77.434185] cloud-init[655]: | =o.o            |
[   77.439342] cloud-init[655]: |. o. . o   . o   |
[   77.446345] cloud-init[655]: | . .. o o   = o  |
[   77.450010] cloud-init[655]: |  +  + * . . +   |
[   77.457149] cloud-init[655]: | + .. * S .   o E|
[   77.467254] cloud-init[655]: |o *.   o     o ..|
[   77.481202] cloud-init[655]: |.Bo+        .o  o|
[   77.491275] cloud-init[655]: |.oO .       +.o. |
[   77.502733] cloud-init[655]: | oo+       .o=.  |
[   77.510305] cloud-init[655]: +----[SHA256]-----+
[   77.521083] cloud-init[655]: Generating public/private dsa key pair.
[   77.530893] cloud-init[655]: Your identification has been saved in /etc/ssh/ssh_host_dsa_key.
[   77.541494] cloud-init[655]: Your public key has been saved in /etc/ssh/ssh_host_dsa_key.pub.
[   77.551193] cloud-init[655]: The key fingerprint is:
[   77.557218] cloud-init[655]: SHA256:y+/et6E8rwo5KBKwImdwgWyPDl86Z9evQ77PKHpczcY root@ubuntu-bionic
[   77.570839] cloud-init[655]: The key's randomart image is:
[   77.577539] cloud-init[655]: +---[DSA 1024]----+
[   77.589344] cloud-init[655]: |...              |
[   77.606859] cloud-init[655]: |.o .             |
[   77.623433] cloud-init[655]: |+ +              |
[   77.636199] cloud-init[655]: |.* ..            |
[   77.655705] cloud-init[655]: |*.+o   .S+       |
[   77.693299] cloud-init[655]: |o++.o .o+oE      |
[   77.714505] cloud-init[655]: |  .+.o.+*o    .  |
[   77.731158] cloud-init[655]: |   . .+ o*.o.... |
[   77.746976] cloud-init[655]: |    .o .+BB.==o. |
[   77.770490] cloud-init[655]: +----[SHA256]-----+
[   77.789978] cloud-init[655]: Generating public/private ecdsa key pair.
[   77.806003] [[0;32m  OK  [0m] Started Initial cloud-init job (metadata service crawler).
[[0;32m  OK  [0m] Reached target System Initialization.
[[0;32m  OK  [0m] Started Daily Cleanup of Temporary Directories.
[[0;32m  OK  [0m] Listening on D-Bus System Message Bus Socket.
[[0;32m  OK  [0m] Listening on Open-iSCSI iscsid Socket.
cloud-init[655]: Your identification has been saved in /etc/ssh/ssh_host_ecdsa_key.
[   77.839855] cloud-init[655]: Your public key has been saved in /etc/ssh/ssh_host_ecdsa_key.pub.
         Starting LXD - unix socket.
[[0;32m  OK  [0m] Listening on ACPID Listen Socket.
[[0;32m  OK  [0m] Started Ubuntu Advantage update messaging.
         Starting Socket activation for snappy daemon.
[[0;32m  OK  [0m] Started Discard unused blocks once a week.
[[0;32m  OK  [0m] Started Message of the Day.
[[0;32m  OK  [0m] [   77.863242] cloud-init[655]: The key fingerprint is:
[   77.936955] cloud-init[655]: SHA256:ctM8sYsLTg2+6djXzAFDUAQn0BhkeAEYvzNDzF0WTE0 root@ubuntu-bionic
Started Daily apt download activities.
[   77.939136] cloud-init[655]: The key's randomart image is:
[   77.964812] cloud-init[655]: +---[ECDSA 256]---+
[   77.970206] cloud-init[655]: |.o.+*OOOE        |
[   77.978892] cloud-init[655]: |.+.oooooo        |
[   77.984969] cloud-init[655]: |  =..  .  .      |
[   77.989359] cloud-init[655]: | . .    oo o     |
[   77.995048] cloud-init[655]: |  =   o So=      |
[   77.999228] cloud-init[655]: |   + . = o.o     |
[   78.005546] cloud-init[655]: |      + o+..     |
[   78.009629] cloud-init[655]: |     = +..+      |
[   78.014244] cloud-init[655]: |    ..*..        |
[   78.018074] cloud-init[655]: +----[SHA256]-----+
[   78.022857] cloud-init[655]: Generating public/private ed25519 key pair.
[   78.029391] cloud-init[655]: Your identification has been saved in /etc/ssh/ssh_host_ed25519_key.
[[0;32m  OK  [0m] Started Daily apt upgrade and clean activities.
[[0;32m  OK  [0m] Reached target Timers.
[   78.053502] [[0;32m  OK  [0m] Listening on UUID daemon activation socket.
cloud-init[655]: Your public key has been saved in /etc/ssh/ssh_host_ed25519_key.pub.
[[0;32m  OK  [0m] Started ACPI Events Check.
[[0;32m  OK  [0m] Reached target Paths.
[[0;32m  OK  [0m] Reached target Network is Online.
[   78.087466] cloud-init[655]: [[0;32m  OK  [0m] Reached target Remote File Systems (Pre).
[[0;32m  OK  [0m] Reached target Remote File Systems.
         Starting Availability of block devices...
[[0;32m  OK  [0m] Reached target Cloud-config availability.
[[0;32m  OK  [0m] Listening on LXD - unix socket.
[[0;32m  OK  [0m] Listening on Socket activation for snappy daemon.
[[0;32m  OK  [0m] Reached target Sockets.
[[0;32m  OK  [0m] Reached target Basic System.
         Starting LXD - container startup/shutdown...
The key fingerprint is:
[   78.138031] cloud-init[655]: SHA256:7RKR9vQuZTVZd8IaupON1XdXf1S5kGOFsBXzVFXy1/M root@ubuntu-bionic
[[0;32m  OK  [0m] Started Regular background program processing daemon.
[   78.179054] cloud-init[655]:          Starting Pollinate to seed the pseudo random number generator...
The key's randomart image is:
[   78.213256] cloud-init         Starting LSB: Record successful boot for GRUB...
[655]:          Starting LSB: automatic crash report generation...
         Starting Accounts Service...
+--[ED25519 256]--+
[   78.267286] cloud-init[655]: |           ..=Bo#|
[   78.297172] cloud-init[655]: |         .  +*=B*|
[   78.318014] cloud-init[655]: |        + .o.+*+B|
[   78.334594] cloud-init[655]: |       . =..o..oX|
[   78.348297] cloud-init[655]: |        S o*+  .E|
[   78.359852] cloud-init[655]: |         o=+.    |
[   78.381759] cloud-init[655]: |        . o..    |
[   78.399503] cloud-init[655]: |         . .     |
[   78.411588] cloud-init[655]: |                 |
[   78.422034] cloud-init[655]: +----[SHA256]-----+
[[0;32m  OK  [0m] Started irqbalance daemon.
         Starting Permit User Sessions...
         Starting Login Service...
[[0;32m  OK  [0m] Started D-Bus System Message Bus.
[[0;32m  OK  [0m] Started Login Service.
[[0;32m  OK  [0m] Started Unattended Upgrades Shutdown.
[[0;32m  OK  [0m] Started Deferred execution scheduler.
         Starting Snap Daemon...
         Starting Dispatcher daemon for systemd-networkd...
         Starting Virtualbox guest utils...
         Starting System Logging Service...
[[0;32m  OK  [0m] Started FUSE filesystem for LXC.
[[0;32m  OK  [0m] Started Availability of block devices.
[[0;32m  OK  [0m] Started Permit User Sessions.
         Starting Authorization Manager...
         Starting Terminate Plymouth Boot Screen...
         Starting Hold until boot process finishes up...
[[0;32m  OK  [0m] Started Terminate Plymouth Boot Screen.
[[0;32m  OK  [0m] Started Hold until boot process finishes up.
         Starting Set console scheme...
[[0;32m  OK  [0m] Started Serial Getty on ttyS0.
[[0;32m  OK  [0m] Started LSB: automatic crash report generation.
[[0;32m  OK  [0m] Started Set console scheme.
[[0;32m  OK  [0m] Created slice system-getty.slice.
[[0;32m  OK  [0m] Started Getty on tty1.
[[0;32m  OK  [0m] Reached target Login Prompts.
[[0;32m  OK  [0m] Started LSB: Record successful boot for GRUB.
[[0;32m  OK  [0m] Started System Logging Service.
[[0;32m  OK  [0m] Started Authorization Manager.
[[0;32m  OK  [0m] Started Accounts Service.

Ubuntu 18.04.5 LTS ubuntu-bionic ttyS0

ubuntu-bionic login: [  121.045867] cloud-init[1490]: Cloud-init v. 21.1-19-gbad84ad4-0ubuntu1~18.04.2 running 'modules:config' at Tue, 08 Jun 2021 17:01:41 +0000. Up 110.69 seconds.
ci-info: no authorized SSH keys fingerprints found for user ubuntu.
<14>Jun  8 17:01:53 ec2: 
<14>Jun  8 17:01:53 ec2: #############################################################
<14>Jun  8 17:01:53 ec2: -----BEGIN SSH HOST KEY FINGERPRINTS-----
<14>Jun  8 17:01:53 ec2: 1024 SHA256:y+/et6E8rwo5KBKwImdwgWyPDl86Z9evQ77PKHpczcY root@ubuntu-bionic (DSA)
<14>Jun  8 17:01:53 ec2: 256 SHA256:ctM8sYsLTg2+6djXzAFDUAQn0BhkeAEYvzNDzF0WTE0 root@ubuntu-bionic (ECDSA)
<14>Jun  8 17:01:53 ec2: 256 SHA256:7RKR9vQuZTVZd8IaupON1XdXf1S5kGOFsBXzVFXy1/M root@ubuntu-bionic (ED25519)
<14>Jun  8 17:01:53 ec2: 2048 SHA256:MhwPzQphgMXsk77EPsSeCaNvp2TV3TXceG66c6yWX00 root@ubuntu-bionic (RSA)
<14>Jun  8 17:01:53 ec2: -----END SSH HOST KEY FINGERPRINTS-----
<14>Jun  8 17:01:53 ec2: #############################################################
-----BEGIN SSH HOST KEY KEYS-----
ecdsa-sha2-nistp256 AAAAE2VjZHNhLXNoYTItbmlzdHAyNTYAAAAIbmlzdHAyNTYAAABBBNeIWIJxrjfazbuSRbXgo+iPbnTysAoExajisuJ79Sc55LOXpRc2lbyHUiAwHUugNacK+67y7k4t3z4Hr23M8xc= root@ubuntu-bionic
ssh-ed25519 AAAAC3NzaC1lZDI1NTE5AAAAILcrzpBFSMHgSMsvKllX8hoLGzmVleBSpIYX4pehOQ+n root@ubuntu-bionic
ssh-rsa AAAAB3NzaC1yc2EAAAADAQABAAABAQC/HcYjDSrzwYGVDbamqc08Heb0UzljObPdpvFWI7ItvdzmEyXs9UTTUrCB7IQQqoQPn3GDLJiW7n63qCTnwQWVMqhzAdXMfuglMNoETPBsJxulJkHaw23BGATIN2kXfPfF0nGZP9/GQZGFrRuTN03Y/PMuEb35BF9HKiieyYMzYX+acXTjJ4mBjOvdVozp24cVDK4P49/cOjmZEKmZIxDGYaFHBT9rQOpzkJeas0+8ZtdL8eiMiL64wlLaM9lNHC0PG5ixEWZisAbzO5KG7+Rl3urOHmc7jZOeJhsKq/inj8i7FEAvIrPT/eNync3voB1feUb6ZtRPTdTEp049PcH1 root@ubuntu-bionic
-----END SSH HOST KEY KEYS-----
[  122.773493] cloud-init[1677]: Cloud-init v. 21.1-19-gbad84ad4-0ubuntu1~18.04.2 running 'modules:final' at Tue, 08 Jun 2021 17:01:53 +0000. Up 122.01 seconds.
[  122.773848] cloud-init[1677]: ci-info: no authorized SSH keys fingerprints found for user ubuntu.
[  122.774855] cloud-init[1677]: Cloud-init v. 21.1-19-gbad84ad4-0ubuntu1~18.04.2 finished at Tue, 08 Jun 2021 17:01:53 +0000. Datasource DataSourceNoCloud [seed=/dev/sdb][dsmode=net].  Up 122.74 seconds
